<?xml version="1.0" encoding="UTF-8"?>
<!-- Generated by org.testng.reporters.JUnitXMLReporter -->
<testsuite ignored="0" hostname="FEUJI-V012D" failures="0" tests="5" name="Test" time="9.134" errors="0" timestamp="2024-02-23T15:50:06 IST">
  <testcase classname="org.api.base.ApiTest" name="testCreateToken" time="3.278"/>
  <testcase classname="org.api.base.ApiTest" name="testCreateBooking" time="1.362"/>
  <testcase classname="org.api.base.ApiTest" name="testGetBookingById" time="1.29"/>
  <testcase classname="org.api.base.ApiTest" name="testUpdateBookingById" time="1.318"/>
  <testcase classname="org.api.base.ApiTest" name="testDeleteBooking" time="1.26"/>
</testsuite> <!-- Test -->
